{"D:\\Documentos nuevos\\ESPE\\6to semestre\\Pruebas software\\3 er parcial\\ExamenP3\\clima-conversion\\src\\utils\\clima.js": {"path":"D:\\Documentos nuevos\\ESPE\\6to semestre\\Pruebas software\\3 er parcial\\ExamenP3\\clima-conversion\\src\\utils\\clima.js","statementMap":{"0":{"start":{"line":2,"column":2},"end":{"line":2,"column":78}},"1":{"start":{"line":2,"column":27},"end":{"line":2,"column":78}},"2":{"start":{"line":3,"column":2},"end":{"line":3,"column":49}},"3":{"start":{"line":7,"column":2},"end":{"line":7,"column":78}},"4":{"start":{"line":7,"column":27},"end":{"line":7,"column":78}},"5":{"start":{"line":8,"column":2},"end":{"line":8,"column":47}},"6":{"start":{"line":12,"column":2},"end":{"line":12,"column":80}},"7":{"start":{"line":12,"column":30},"end":{"line":12,"column":80}},"8":{"start":{"line":13,"column":2},"end":{"line":13,"column":79}},"9":{"start":{"line":13,"column":33},"end":{"line":13,"column":79}},"10":{"start":{"line":14,"column":2},"end":{"line":14,"column":90}},"11":{"start":{"line":14,"column":44},"end":{"line":14,"column":90}},"12":{"start":{"line":16,"column":2},"end":{"line":18,"column":3}},"13":{"start":{"line":17,"column":4},"end":{"line":17,"column":89}},"14":{"start":{"line":17,"column":29},"end":{"line":17,"column":89}},"15":{"start":{"line":20,"column":14},"end":{"line":20,"column":16}},"16":{"start":{"line":21,"column":2},"end":{"line":25,"column":3}},"17":{"start":{"line":21,"column":15},"end":{"line":21,"column":16}},"18":{"start":{"line":22,"column":14},"end":{"line":22,"column":15}},"19":{"start":{"line":23,"column":4},"end":{"line":23,"column":58}},"20":{"start":{"line":23,"column":17},"end":{"line":23,"column":18}},"21":{"start":{"line":23,"column":37},"end":{"line":23,"column":58}},"22":{"start":{"line":24,"column":4},"end":{"line":24,"column":48}},"23":{"start":{"line":26,"column":2},"end":{"line":26,"column":13}},"24":{"start":{"line":29,"column":0},"end":{"line":29,"column":60}}},"fnMap":{"0":{"name":"toCelsius","decl":{"start":{"line":1,"column":9},"end":{"line":1,"column":18}},"loc":{"start":{"line":1,"column":22},"end":{"line":4,"column":1}},"line":1},"1":{"name":"toFahrenheit","decl":{"start":{"line":6,"column":9},"end":{"line":6,"column":21}},"loc":{"start":{"line":6,"column":25},"end":{"line":9,"column":1}},"line":6},"2":{"name":"movingAverage","decl":{"start":{"line":11,"column":9},"end":{"line":11,"column":22}},"loc":{"start":{"line":11,"column":39},"end":{"line":27,"column":1}},"line":11}},"branchMap":{"0":{"loc":{"start":{"line":2,"column":2},"end":{"line":2,"column":78}},"type":"if","locations":[{"start":{"line":2,"column":2},"end":{"line":2,"column":78}},{"start":{},"end":{}}],"line":2},"1":{"loc":{"start":{"line":7,"column":2},"end":{"line":7,"column":78}},"type":"if","locations":[{"start":{"line":7,"column":2},"end":{"line":7,"column":78}},{"start":{},"end":{}}],"line":7},"2":{"loc":{"start":{"line":12,"column":2},"end":{"line":12,"column":80}},"type":"if","locations":[{"start":{"line":12,"column":2},"end":{"line":12,"column":80}},{"start":{},"end":{}}],"line":12},"3":{"loc":{"start":{"line":13,"column":2},"end":{"line":13,"column":79}},"type":"if","locations":[{"start":{"line":13,"column":2},"end":{"line":13,"column":79}},{"start":{},"end":{}}],"line":13},"4":{"loc":{"start":{"line":14,"column":2},"end":{"line":14,"column":90}},"type":"if","locations":[{"start":{"line":14,"column":2},"end":{"line":14,"column":90}},{"start":{},"end":{}}],"line":14},"5":{"loc":{"start":{"line":14,"column":6},"end":{"line":14,"column":42}},"type":"binary-expr","locations":[{"start":{"line":14,"column":6},"end":{"line":14,"column":16}},{"start":{"line":14,"column":20},"end":{"line":14,"column":42}}],"line":14},"6":{"loc":{"start":{"line":17,"column":4},"end":{"line":17,"column":89}},"type":"if","locations":[{"start":{"line":17,"column":4},"end":{"line":17,"column":89}},{"start":{},"end":{}}],"line":17}},"s":{"0":5,"1":3,"2":2,"3":6,"4":3,"5":3,"6":8,"7":1,"8":7,"9":1,"10":6,"11":2,"12":4,"13":13,"14":2,"15":2,"16":2,"17":2,"18":4,"19":4,"20":4,"21":9,"22":4,"23":2,"24":1},"f":{"0":5,"1":6,"2":8},"b":{"0":[3,2],"1":[3,3],"2":[1,7],"3":[1,6],"4":[2,4],"5":[6,5],"6":[2,11]},"_coverageSchema":"1a1c01bbd47fc00a2c39e90264f33305004495a9","hash":"022bbd2f7ca92eb0b5ea305308b2f3f01a49539c"}
}
