TN:
SF:src\utils\clima.js
FN:1,toCelsius
FN:6,toFahrenheit
FN:11,movingAverage
FNF:3
FNH:3
FNDA:5,toCelsius
FNDA:6,toFahrenheit
FNDA:8,movingAverage
DA:2,5
DA:3,2
DA:7,6
DA:8,3
DA:12,8
DA:13,7
DA:14,6
DA:16,4
DA:17,13
DA:20,2
DA:21,2
DA:22,4
DA:23,9
DA:24,4
DA:26,2
DA:29,1
LF:16
LH:16
BRDA:2,0,0,3
BRDA:2,0,1,2
BRDA:7,1,0,3
BRDA:7,1,1,3
BRDA:12,2,0,1
BRDA:12,2,1,7
BRDA:13,3,0,1
BRDA:13,3,1,6
BRDA:14,4,0,2
BRDA:14,4,1,4
BRDA:14,5,0,6
BRDA:14,5,1,5
BRDA:17,6,0,2
BRDA:17,6,1,11
BRF:14
BRH:14
end_of_record
